<?xml version="1.0" encoding="UTF-8"?>
<testng-results skipped="0" failed="0" ignored="0" total="4" passed="4">
  <reporter-output>
    <line>
      <![CDATA[Screenshot Capture in TestNG Results Started]]>
    </line>
    <line>
      <![CDATA[ChromeDriver is Opened And Maximized ]]>
    </line>
    <line>
      <![CDATA[Navigate To The Url]]>
    </line>
    <line>
      <![CDATA[Click on the user name Field]]>
    </line>
    <line>
      <![CDATA[Enter User Name ]]>
    </line>
    <line>
      <![CDATA[Click on The Password Field ]]>
    </line>
    <line>
      <![CDATA[Enter Password]]>
    </line>
    <line>
      <![CDATA[Click on Login Button]]>
    </line>
    <line>
      <![CDATA[Click on CareNet Link]]>
    </line>
    <line>
      <![CDATA[Click on CareNet Settings]]>
    </line>
    <line>
      <![CDATA[Click on Data Management's Link]]>
    </line>
    <line>
      <![CDATA[Click on Lab Tests Link Page ]]>
    </line>
    <line>
      <![CDATA[Closing The Browser]]>
    </line>
    <line>
      <![CDATA[Screenshot Capture in TestNG Results Started]]>
    </line>
    <line>
      <![CDATA[ChromeDriver is Opened And Maximized ]]>
    </line>
    <line>
      <![CDATA[Navigate To The Url]]>
    </line>
    <line>
      <![CDATA[Click on the user name Field]]>
    </line>
    <line>
      <![CDATA[Enter User Name ]]>
    </line>
    <line>
      <![CDATA[Click on The Password Field ]]>
    </line>
    <line>
      <![CDATA[Enter Password]]>
    </line>
    <line>
      <![CDATA[Click on Login Button]]>
    </line>
    <line>
      <![CDATA[Click on CareNet Link]]>
    </line>
    <line>
      <![CDATA[Click on CareNet Settings]]>
    </line>
    <line>
      <![CDATA[Click on Data Management's Link]]>
    </line>
    <line>
      <![CDATA[Click on Lab Tests Link Page ]]>
    </line>
    <line>
      <![CDATA[Click on Add Button]]>
    </line>
    <line>
      <![CDATA[Fill  Test Name ]]>
    </line>
    <line>
      <![CDATA[Fill Test Name 2 ]]>
    </line>
    <line>
      <![CDATA[Fill Alias]]>
    </line>
    <line>
      <![CDATA[Select 2 From the DDLBycssSelector]]>
    </line>
    <line>
      <![CDATA[Fill Code]]>
    </line>
    <line>
      <![CDATA[Select 3 From the DDLBycssSelector]]>
    </line>
    <line>
      <![CDATA[Fill Process Hours]]>
    </line>
    <line>
      <![CDATA[Select 2 From the DDLBycssSelector]]>
    </line>
    <line>
      <![CDATA[Select 2 From the DDLBycssSelector]]>
    </line>
    <line>
      <![CDATA[Select 2 From the DDLBycssSelector]]>
    </line>
    <line>
      <![CDATA[Fill Minimum Amount ]]>
    </line>
    <line>
      <![CDATA[Fill Printing Order]]>
    </line>
    <line>
      <![CDATA[Select 1 From the DDLBycssSelector]]>
    </line>
    <line>
      <![CDATA[Fill Expected TAT ]]>
    </line>
    <line>
      <![CDATA[Select 2 From the DDLBycssSelector]]>
    </line>
    <line>
      <![CDATA[Fill Report Code]]>
    </line>
    <line>
      <![CDATA[Fill Worksheet Report Code]]>
    </line>
    <line>
      <![CDATA[Fill Test Timing]]>
    </line>
    <line>
      <![CDATA[Fill Manual Test Method]]>
    </line>
    <line>
      <![CDATA[Fill Standard Code]]>
    </line>
    <line>
      <![CDATA[Fill Default Comment ]]>
    </line>
    <line>
      <![CDATA[Fill Medical Test Questions]]>
    </line>
    <line>
      <![CDATA[Fill Instructions]]>
    </line>
    <line>
      <![CDATA[Click on Save Button]]>
    </line>
    <line>
      <![CDATA[Closing The Browser]]>
    </line>
    <line>
      <![CDATA[Screenshot Capture in TestNG Results Started]]>
    </line>
    <line>
      <![CDATA[ChromeDriver is Opened And Maximized ]]>
    </line>
    <line>
      <![CDATA[Navigate To The Url]]>
    </line>
    <line>
      <![CDATA[Click on the user name Field]]>
    </line>
    <line>
      <![CDATA[Enter User Name ]]>
    </line>
    <line>
      <![CDATA[Click on The Password Field ]]>
    </line>
    <line>
      <![CDATA[Enter Password]]>
    </line>
    <line>
      <![CDATA[Click on Login Button]]>
    </line>
    <line>
      <![CDATA[Click on CareNet Link]]>
    </line>
    <line>
      <![CDATA[Click on CareNet Settings]]>
    </line>
    <line>
      <![CDATA[Click on Data Management's Link]]>
    </line>
    <line>
      <![CDATA[Click on Lab Tests Link Page ]]>
    </line>
    <line>
      <![CDATA[Search By Test Name]]>
    </line>
    <line>
      <![CDATA[Click on Search Button]]>
    </line>
    <line>
      <![CDATA[Click on The Labe Test Name]]>
    </line>
    <line>
      <![CDATA[Click on Update Button]]>
    </line>
    <line>
      <![CDATA[Closing The Browser]]>
    </line>
    <line>
      <![CDATA[Screenshot Capture in TestNG Results Started]]>
    </line>
    <line>
      <![CDATA[ChromeDriver is Opened And Maximized ]]>
    </line>
    <line>
      <![CDATA[Navigate To The Url]]>
    </line>
    <line>
      <![CDATA[Click on the user name Field]]>
    </line>
    <line>
      <![CDATA[Enter User Name ]]>
    </line>
    <line>
      <![CDATA[Click on The Password Field ]]>
    </line>
    <line>
      <![CDATA[Enter Password]]>
    </line>
    <line>
      <![CDATA[Click on Login Button]]>
    </line>
    <line>
      <![CDATA[Click on CareNet Link]]>
    </line>
    <line>
      <![CDATA[Click on CareNet Settings]]>
    </line>
    <line>
      <![CDATA[Click on Data Management's Link]]>
    </line>
    <line>
      <![CDATA[Click on Lab Tests Link Page ]]>
    </line>
    <line>
      <![CDATA[Search By Test Name]]>
    </line>
    <line>
      <![CDATA[Click on Search Button]]>
    </line>
    <line>
      <![CDATA[Click on The Labe Test]]>
    </line>
    <line>
      <![CDATA[Click on Delete Button]]>
    </line>
    <line>
      <![CDATA[Closing The Browser]]>
    </line>
  </reporter-output>
  <suite name="Suite" duration-ms="188487" started-at="2020-02-17T11:51:56 EET" finished-at="2020-02-17T11:55:04 EET">
    <groups>
    </groups>
    <test name="Demo Cycle" duration-ms="188487" started-at="2020-02-17T11:51:56 EET" finished-at="2020-02-17T11:55:04 EET">
      <class name="test.CareNetSettings.DataManagement.LabTests">
        <test-method status="PASS" signature="setUp()[pri:0, instance:test.CareNetSettings.DataManagement.LabTests@731a74c]" name="setUp" is-config="true" duration-ms="22241" started-at="2020-02-17T11:51:56 EET" finished-at="2020-02-17T11:52:18 EET">
          <reporter-output>
            <line>
              <![CDATA[Screenshot Capture in TestNG Results Started]]>
            </line>
            <line>
              <![CDATA[ChromeDriver is Opened And Maximized ]]>
            </line>
          </reporter-output>
        </test-method> <!-- setUp -->
        <test-method status="PASS" signature="navigateToLabTests()[pri:1, instance:test.CareNetSettings.DataManagement.LabTests@731a74c]" name="navigateToLabTests" duration-ms="22802" started-at="2020-02-17T11:52:18 EET" finished-at="2020-02-17T11:52:41 EET">
          <reporter-output>
            <line>
              <![CDATA[Navigate To The Url]]>
            </line>
            <line>
              <![CDATA[Click on the user name Field]]>
            </line>
            <line>
              <![CDATA[Enter User Name ]]>
            </line>
            <line>
              <![CDATA[Click on The Password Field ]]>
            </line>
            <line>
              <![CDATA[Enter Password]]>
            </line>
            <line>
              <![CDATA[Click on Login Button]]>
            </line>
            <line>
              <![CDATA[Click on CareNet Link]]>
            </line>
            <line>
              <![CDATA[Click on CareNet Settings]]>
            </line>
            <line>
              <![CDATA[Click on Data Management's Link]]>
            </line>
            <line>
              <![CDATA[Click on Lab Tests Link Page ]]>
            </line>
          </reporter-output>
        </test-method> <!-- navigateToLabTests -->
        <test-method status="PASS" signature="tearDown(org.testng.ITestResult, java.lang.reflect.Method)[pri:0, instance:test.CareNetSettings.DataManagement.LabTests@731a74c]" name="tearDown" is-config="true" duration-ms="1436" started-at="2020-02-17T11:52:41 EET" finished-at="2020-02-17T11:52:42 EET">
          <params>
            <param index="0">
              <value>
                <![CDATA[[TestResult name=navigateToLabTests status=SUCCESS method=LabTests.navigateToLabTests()[pri:1, instance:test.CareNetSettings.DataManagement.LabTests@731a74c] output=Navigate To The Url]]]>
              </value>
            </param>
            <param index="1">
              <value>
                <![CDATA[public void test.CareNetSettings.DataManagement.LabTests.navigateToLabTests() throws java.lang.InterruptedException]]>
              </value>
            </param>
          </params>
          <reporter-output>
            <line>
              <![CDATA[Closing The Browser]]>
            </line>
          </reporter-output>
        </test-method> <!-- tearDown -->
        <test-method status="PASS" signature="setUp()[pri:0, instance:test.CareNetSettings.DataManagement.LabTests@731a74c]" name="setUp" is-config="true" duration-ms="12389" started-at="2020-02-17T11:52:42 EET" finished-at="2020-02-17T11:52:55 EET">
          <reporter-output>
            <line>
              <![CDATA[Screenshot Capture in TestNG Results Started]]>
            </line>
            <line>
              <![CDATA[ChromeDriver is Opened And Maximized ]]>
            </line>
          </reporter-output>
        </test-method> <!-- setUp -->
        <test-method status="PASS" signature="addLabTests()[pri:2, instance:test.CareNetSettings.DataManagement.LabTests@731a74c]" name="addLabTests" duration-ms="43448" started-at="2020-02-17T11:52:55 EET" finished-at="2020-02-17T11:53:38 EET">
          <reporter-output>
            <line>
              <![CDATA[Navigate To The Url]]>
            </line>
            <line>
              <![CDATA[Click on the user name Field]]>
            </line>
            <line>
              <![CDATA[Enter User Name ]]>
            </line>
            <line>
              <![CDATA[Click on The Password Field ]]>
            </line>
            <line>
              <![CDATA[Enter Password]]>
            </line>
            <line>
              <![CDATA[Click on Login Button]]>
            </line>
            <line>
              <![CDATA[Click on CareNet Link]]>
            </line>
            <line>
              <![CDATA[Click on CareNet Settings]]>
            </line>
            <line>
              <![CDATA[Click on Data Management's Link]]>
            </line>
            <line>
              <![CDATA[Click on Lab Tests Link Page ]]>
            </line>
            <line>
              <![CDATA[Click on Add Button]]>
            </line>
            <line>
              <![CDATA[Fill  Test Name ]]>
            </line>
            <line>
              <![CDATA[Fill Test Name 2 ]]>
            </line>
            <line>
              <![CDATA[Fill Alias]]>
            </line>
            <line>
              <![CDATA[Select 2 From the DDLBycssSelector]]>
            </line>
            <line>
              <![CDATA[Fill Code]]>
            </line>
            <line>
              <![CDATA[Select 3 From the DDLBycssSelector]]>
            </line>
            <line>
              <![CDATA[Fill Process Hours]]>
            </line>
            <line>
              <![CDATA[Select 2 From the DDLBycssSelector]]>
            </line>
            <line>
              <![CDATA[Select 2 From the DDLBycssSelector]]>
            </line>
            <line>
              <![CDATA[Select 2 From the DDLBycssSelector]]>
            </line>
            <line>
              <![CDATA[Fill Minimum Amount ]]>
            </line>
            <line>
              <![CDATA[Fill Printing Order]]>
            </line>
            <line>
              <![CDATA[Select 1 From the DDLBycssSelector]]>
            </line>
            <line>
              <![CDATA[Fill Expected TAT ]]>
            </line>
            <line>
              <![CDATA[Select 2 From the DDLBycssSelector]]>
            </line>
            <line>
              <![CDATA[Fill Report Code]]>
            </line>
            <line>
              <![CDATA[Fill Worksheet Report Code]]>
            </line>
            <line>
              <![CDATA[Fill Test Timing]]>
            </line>
            <line>
              <![CDATA[Fill Manual Test Method]]>
            </line>
            <line>
              <![CDATA[Fill Standard Code]]>
            </line>
            <line>
              <![CDATA[Fill Default Comment ]]>
            </line>
            <line>
              <![CDATA[Fill Medical Test Questions]]>
            </line>
            <line>
              <![CDATA[Fill Instructions]]>
            </line>
            <line>
              <![CDATA[Click on Save Button]]>
            </line>
          </reporter-output>
        </test-method> <!-- addLabTests -->
        <test-method status="PASS" signature="tearDown(org.testng.ITestResult, java.lang.reflect.Method)[pri:0, instance:test.CareNetSettings.DataManagement.LabTests@731a74c]" name="tearDown" is-config="true" duration-ms="1334" started-at="2020-02-17T11:53:38 EET" finished-at="2020-02-17T11:53:40 EET">
          <params>
            <param index="0">
              <value>
                <![CDATA[[TestResult name=addLabTests status=SUCCESS method=LabTests.addLabTests()[pri:2, instance:test.CareNetSettings.DataManagement.LabTests@731a74c] output=Navigate To The Url]]]>
              </value>
            </param>
            <param index="1">
              <value>
                <![CDATA[public void test.CareNetSettings.DataManagement.LabTests.addLabTests() throws java.lang.InterruptedException]]>
              </value>
            </param>
          </params>
          <reporter-output>
            <line>
              <![CDATA[Closing The Browser]]>
            </line>
          </reporter-output>
        </test-method> <!-- tearDown -->
        <test-method status="PASS" signature="setUp()[pri:0, instance:test.CareNetSettings.DataManagement.LabTests@731a74c]" name="setUp" is-config="true" duration-ms="17611" started-at="2020-02-17T11:53:40 EET" finished-at="2020-02-17T11:53:57 EET">
          <reporter-output>
            <line>
              <![CDATA[Screenshot Capture in TestNG Results Started]]>
            </line>
            <line>
              <![CDATA[ChromeDriver is Opened And Maximized ]]>
            </line>
          </reporter-output>
        </test-method> <!-- setUp -->
        <test-method status="PASS" signature="editLabTest()[pri:3, instance:test.CareNetSettings.DataManagement.LabTests@731a74c]" name="editLabTest" duration-ms="27111" started-at="2020-02-17T11:53:57 EET" depends-on-methods="test.CareNetSettings.DataManagement.LabTests.addLabTests" finished-at="2020-02-17T11:54:24 EET">
          <reporter-output>
            <line>
              <![CDATA[Navigate To The Url]]>
            </line>
            <line>
              <![CDATA[Click on the user name Field]]>
            </line>
            <line>
              <![CDATA[Enter User Name ]]>
            </line>
            <line>
              <![CDATA[Click on The Password Field ]]>
            </line>
            <line>
              <![CDATA[Enter Password]]>
            </line>
            <line>
              <![CDATA[Click on Login Button]]>
            </line>
            <line>
              <![CDATA[Click on CareNet Link]]>
            </line>
            <line>
              <![CDATA[Click on CareNet Settings]]>
            </line>
            <line>
              <![CDATA[Click on Data Management's Link]]>
            </line>
            <line>
              <![CDATA[Click on Lab Tests Link Page ]]>
            </line>
            <line>
              <![CDATA[Search By Test Name]]>
            </line>
            <line>
              <![CDATA[Click on Search Button]]>
            </line>
            <line>
              <![CDATA[Click on The Labe Test Name]]>
            </line>
            <line>
              <![CDATA[Click on Update Button]]>
            </line>
          </reporter-output>
        </test-method> <!-- editLabTest -->
        <test-method status="PASS" signature="tearDown(org.testng.ITestResult, java.lang.reflect.Method)[pri:0, instance:test.CareNetSettings.DataManagement.LabTests@731a74c]" name="tearDown" is-config="true" duration-ms="1269" started-at="2020-02-17T11:54:24 EET" finished-at="2020-02-17T11:54:26 EET">
          <params>
            <param index="0">
              <value>
                <![CDATA[[TestResult name=editLabTest status=SUCCESS method=LabTests.editLabTest()[pri:3, instance:test.CareNetSettings.DataManagement.LabTests@731a74c] output=Navigate To The Url]]]>
              </value>
            </param>
            <param index="1">
              <value>
                <![CDATA[public void test.CareNetSettings.DataManagement.LabTests.editLabTest() throws java.lang.InterruptedException]]>
              </value>
            </param>
          </params>
          <reporter-output>
            <line>
              <![CDATA[Closing The Browser]]>
            </line>
          </reporter-output>
        </test-method> <!-- tearDown -->
        <test-method status="PASS" signature="setUp()[pri:0, instance:test.CareNetSettings.DataManagement.LabTests@731a74c]" name="setUp" is-config="true" duration-ms="10611" started-at="2020-02-17T11:54:26 EET" finished-at="2020-02-17T11:54:36 EET">
          <reporter-output>
            <line>
              <![CDATA[Screenshot Capture in TestNG Results Started]]>
            </line>
            <line>
              <![CDATA[ChromeDriver is Opened And Maximized ]]>
            </line>
          </reporter-output>
        </test-method> <!-- setUp -->
        <test-method status="PASS" signature="deleteLabTests()[pri:4, instance:test.CareNetSettings.DataManagement.LabTests@731a74c]" name="deleteLabTests" duration-ms="26917" started-at="2020-02-17T11:54:36 EET" depends-on-methods="test.CareNetSettings.DataManagement.LabTests.addLabTests" finished-at="2020-02-17T11:55:03 EET">
          <reporter-output>
            <line>
              <![CDATA[Navigate To The Url]]>
            </line>
            <line>
              <![CDATA[Click on the user name Field]]>
            </line>
            <line>
              <![CDATA[Enter User Name ]]>
            </line>
            <line>
              <![CDATA[Click on The Password Field ]]>
            </line>
            <line>
              <![CDATA[Enter Password]]>
            </line>
            <line>
              <![CDATA[Click on Login Button]]>
            </line>
            <line>
              <![CDATA[Click on CareNet Link]]>
            </line>
            <line>
              <![CDATA[Click on CareNet Settings]]>
            </line>
            <line>
              <![CDATA[Click on Data Management's Link]]>
            </line>
            <line>
              <![CDATA[Click on Lab Tests Link Page ]]>
            </line>
            <line>
              <![CDATA[Search By Test Name]]>
            </line>
            <line>
              <![CDATA[Click on Search Button]]>
            </line>
            <line>
              <![CDATA[Click on The Labe Test]]>
            </line>
            <line>
              <![CDATA[Click on Delete Button]]>
            </line>
          </reporter-output>
        </test-method> <!-- deleteLabTests -->
        <test-method status="PASS" signature="tearDown(org.testng.ITestResult, java.lang.reflect.Method)[pri:0, instance:test.CareNetSettings.DataManagement.LabTests@731a74c]" name="tearDown" is-config="true" duration-ms="1091" started-at="2020-02-17T11:55:03 EET" finished-at="2020-02-17T11:55:04 EET">
          <params>
            <param index="0">
              <value>
                <![CDATA[[TestResult name=deleteLabTests status=SUCCESS method=LabTests.deleteLabTests()[pri:4, instance:test.CareNetSettings.DataManagement.LabTests@731a74c] output=Navigate To The Url]]]>
              </value>
            </param>
            <param index="1">
              <value>
                <![CDATA[public void test.CareNetSettings.DataManagement.LabTests.deleteLabTests() throws java.lang.InterruptedException]]>
              </value>
            </param>
          </params>
          <reporter-output>
            <line>
              <![CDATA[Closing The Browser]]>
            </line>
          </reporter-output>
        </test-method> <!-- tearDown -->
      </class> <!-- test.CareNetSettings.DataManagement.LabTests -->
    </test> <!-- Demo Cycle -->
  </suite> <!-- Suite -->
</testng-results>
