<?xml version="1.0" encoding="UTF-8"?>
<testsuite name="Demo Cycle"
           tests="4"
           failures="0"
           errors="0"
           skipped="0"
           time="81.342">
  <properties />
  
  
            <testcase name="editSymptoms" time="20.547" classname="test.CareNetSettings.DataManagement.Symptoms" />
                <testcase name="navigateToSymptomsPage" time="16.697" classname="test.CareNetSettings.DataManagement.Symptoms" />
                <testcase name="deleteSymptoms" time="20.164" classname="test.CareNetSettings.DataManagement.Symptoms" />
                <testcase name="addSymptoms" time="23.934" classname="test.CareNetSettings.DataManagement.Symptoms" />
      
</testsuite>
