<?xml version="1.0" encoding="UTF-8"?>
<testsuite name="Demo Cycle"
           tests="3"
           failures="0"
           errors="0"
           skipped="0"
           time="74.110">
  <properties />
  
  
            <testcase name="addUserSignature" time="31.761" classname="test.CareNetSettings.DataManagement.UserSignature" />
                <testcase name="navigateToUserSignature" time="19.049" classname="test.CareNetSettings.DataManagement.UserSignature" />
                <testcase name="deleteUserSignature" time="23.300" classname="test.CareNetSettings.DataManagement.UserSignature" />
      
</testsuite>
