<?xml version="1.0" encoding="UTF-8"?>
<testsuite name="Demo Cycle"
           tests="4"
           failures="0"
           errors="0"
           skipped="0"
           time="90.317">
  <properties />
  
  
            <testcase name="addLabUnits" time="24.201" classname="test.CareNetSettings.DataManagement.LabUnits" />
                <testcase name="navigateToLabUnits" time="19.080" classname="test.CareNetSettings.DataManagement.LabUnits" />
                <testcase name="editLabUnits" time="22.694" classname="test.CareNetSettings.DataManagement.LabUnits" />
                <testcase name="deleteLabUnits" time="24.342" classname="test.CareNetSettings.DataManagement.LabUnits" />
      
</testsuite>
