<?xml version="1.0" encoding="UTF-8"?>
<testsuite name="Demo Cycle"
           tests="4"
           failures="0"
           errors="0"
           skipped="0"
           time="120.278">
  <properties />
  
  
            <testcase name="editLabTest" time="27.111" classname="test.CareNetSettings.DataManagement.LabTests" />
                <testcase name="addLabTests" time="43.448" classname="test.CareNetSettings.DataManagement.LabTests" />
                <testcase name="navigateToLabTests" time="22.802" classname="test.CareNetSettings.DataManagement.LabTests" />
                <testcase name="deleteLabTests" time="26.917" classname="test.CareNetSettings.DataManagement.LabTests" />
      
</testsuite>
