<?xml version="1.0" encoding="UTF-8"?>
<testsuite name="Demo Cycle"
           tests="4"
           failures="0"
           errors="0"
           skipped="0"
           time="76.583">
  <properties />
  
  
            <testcase name="navigateToVaccinesPage" time="15.985" classname="test.CareNetSettings.DataManagement.Vaccines" />
                <testcase name="addVaccines" time="20.020" classname="test.CareNetSettings.DataManagement.Vaccines" />
                <testcase name="editVaccines" time="20.595" classname="test.CareNetSettings.DataManagement.Vaccines" />
                <testcase name="deleteVaccines" time="19.983" classname="test.CareNetSettings.DataManagement.Vaccines" />
      
</testsuite>
