<?xml version="1.0" encoding="UTF-8"?>
<testsuite name="Demo Cycle"
           tests="6"
           failures="0"
           errors="0"
           skipped="0"
           time="116.563">
  <properties />
  
  
            <testcase name="navigateToBodySystem" time="15.815" classname="test.CareNetSettings.DataManagement.BodySystem" />
                <testcase name="deleteBodySystem" time="17.941" classname="test.CareNetSettings.DataManagement.BodySystem" />
                <testcase name="addBodySystem" time="21.907" classname="test.CareNetSettings.DataManagement.BodySystem" />
                <testcase name="addBodySystemPartList" time="21.838" classname="test.CareNetSettings.DataManagement.BodySystem" />
                <testcase name="deleteBodySystemPartList" time="18.733" classname="test.CareNetSettings.DataManagement.BodySystem" />
                <testcase name="editBodySystem" time="20.329" classname="test.CareNetSettings.DataManagement.BodySystem" />
      
</testsuite>
